<?xml version="1.0" encoding="UTF-8"?>
<!-- Generated by org.testng.reporters.JUnitXMLReporter -->
<testsuite ignored="0" hostname="LAPTOP-R8RL5IE9" failures="0" tests="6" name="Default test" time="11.468" errors="0" timestamp="2022-10-16T10:08:19 IST">
  <testcase classname="Petstore.api.Tests.UserTests" name="CreateuserTest" time="2.889"/>
  <testcase classname="Petstore.api.Tests.UserTests" name="GetuserTest" time="1.443"/>
  <testcase classname="Petstore.api.Tests.UserTests" name="UpdateuserTest" time="2.77"/>
  <testcase classname="Petstore.api.Tests.UserTests" name="LoginUserTest" time="1.371"/>
  <testcase classname="Petstore.api.Tests.UserTests" name="LogoutuserTest" time="1.366"/>
  <testcase classname="Petstore.api.Tests.UserTests" name="DeleteuserTest" time="1.381"/>
</testsuite> <!-- Default test -->
