<?xml version="1.0" encoding="UTF-8"?>
<!-- Generated by org.testng.reporters.JUnitXMLReporter -->
<testsuite ignored="0" hostname="LAPTOP-R8RL5IE9" failures="0" tests="6" name="Default test" time="11.317" errors="0" timestamp="2022-10-16T12:05:06 IST">
  <testcase classname="Petstore.api.Tests.UserTests" name="CreateuserTest" time="2.825"/>
  <testcase classname="Petstore.api.Tests.UserTests" name="GetuserTest" time="1.531"/>
  <testcase classname="Petstore.api.Tests.UserTests" name="UpdateuserTest" time="2.635"/>
  <testcase classname="Petstore.api.Tests.UserTests" name="LoginUserTest" time="1.365"/>
  <testcase classname="Petstore.api.Tests.UserTests" name="LogoutuserTest" time="1.318"/>
  <testcase classname="Petstore.api.Tests.UserTests" name="DeleteuserTest" time="1.416"/>
</testsuite> <!-- Default test -->
