<?xml version="1.0" encoding="UTF-8"?>
<!-- Generated by org.testng.reporters.JUnitXMLReporter -->
<testsuite ignored="0" hostname="LAPTOP-R8RL5IE9" failures="0" tests="4" name="Test" time="13.469" errors="0" timestamp="2022-10-15T16:18:10 IST">
  <testcase classname="Petstore.api.Tests.UserTests" name="CreateuserTest" time="6.213"/>
  <testcase classname="Petstore.api.Tests.UserTests" name="GetuserTest" time="1.644"/>
  <testcase classname="Petstore.api.Tests.UserTests" name="UpdateuserTest" time="3.372"/>
  <testcase classname="Petstore.api.Tests.UserTests" name="DeleteuserTest" time="1.736"/>
</testsuite> <!-- Test -->
