<?xml version="1.0" encoding="UTF-8"?>
<!-- Generated by org.testng.reporters.JUnitXMLReporter -->
<testsuite ignored="0" hostname="LAPTOP-R8RL5IE9" failures="0" tests="4" name="Test" time="9.514" errors="0" timestamp="2022-10-15T18:19:52 IST">
  <testcase classname="Petstore.api.Tests.UserTests" name="CreateuserTest" time="3.558"/>
  <testcase classname="Petstore.api.Tests.UserTests" name="GetuserTest" time="1.327"/>
  <testcase classname="Petstore.api.Tests.UserTests" name="UpdateuserTest" time="2.843"/>
  <testcase classname="Petstore.api.Tests.UserTests" name="DeleteuserTest" time="1.389"/>
</testsuite> <!-- Test -->
