<?xml version="1.0" encoding="UTF-8"?>
<!-- Generated by org.testng.reporters.JUnitXMLReporter -->
<testsuite ignored="0" hostname="LAPTOP-R8RL5IE9" failures="0" tests="6" name="Test" time="11.51" errors="0" timestamp="2022-10-16T12:06:26 IST">
  <testcase classname="Petstore.api.Tests.UserTests" name="CreateuserTest" time="2.776"/>
  <testcase classname="Petstore.api.Tests.UserTests" name="GetuserTest" time="1.573"/>
  <testcase classname="Petstore.api.Tests.UserTests" name="UpdateuserTest" time="2.685"/>
  <testcase classname="Petstore.api.Tests.UserTests" name="LoginUserTest" time="1.351"/>
  <testcase classname="Petstore.api.Tests.UserTests" name="LogoutuserTest" time="1.342"/>
  <testcase classname="Petstore.api.Tests.UserTests" name="DeleteuserTest" time="1.38"/>
</testsuite> <!-- Test -->
