<?xml version="1.0" encoding="UTF-8"?>
<testng-results ignored="0" total="6" passed="6" failed="0" skipped="0">
  <reporter-output>
  </reporter-output>
  <suite started-at="2022-10-16T12:06:15 IST" name="Suite" finished-at="2022-10-16T12:06:26 IST" duration-ms="11510">
    <groups>
    </groups>
    <test started-at="2022-10-16T12:06:15 IST" name="Test" finished-at="2022-10-16T12:06:26 IST" duration-ms="11510">
      <class name="Petstore.api.Tests.UserTests">
        <test-method is-config="true" signature="testsetup()[pri:0, instance:Petstore.api.Tests.UserTests@3c7f66c4]" started-at="2022-10-16T12:06:15 IST" name="testsetup" finished-at="2022-10-16T12:06:15 IST" duration-ms="175" status="PASS">
          <reporter-output>
          </reporter-output>
        </test-method> <!-- testsetup -->
        <test-method signature="CreateuserTest()[pri:1, instance:Petstore.api.Tests.UserTests@3c7f66c4]" started-at="2022-10-16T12:06:15 IST" name="CreateuserTest" finished-at="2022-10-16T12:06:18 IST" duration-ms="2776" status="PASS">
          <reporter-output>
          </reporter-output>
        </test-method> <!-- CreateuserTest -->
        <test-method signature="GetuserTest()[pri:2, instance:Petstore.api.Tests.UserTests@3c7f66c4]" started-at="2022-10-16T12:06:18 IST" name="GetuserTest" finished-at="2022-10-16T12:06:20 IST" duration-ms="1573" status="PASS">
          <reporter-output>
          </reporter-output>
        </test-method> <!-- GetuserTest -->
        <test-method signature="UpdateuserTest()[pri:3, instance:Petstore.api.Tests.UserTests@3c7f66c4]" started-at="2022-10-16T12:06:20 IST" name="UpdateuserTest" finished-at="2022-10-16T12:06:22 IST" duration-ms="2685" status="PASS">
          <reporter-output>
          </reporter-output>
        </test-method> <!-- UpdateuserTest -->
        <test-method signature="LoginUserTest()[pri:4, instance:Petstore.api.Tests.UserTests@3c7f66c4]" started-at="2022-10-16T12:06:22 IST" name="LoginUserTest" finished-at="2022-10-16T12:06:24 IST" duration-ms="1351" status="PASS">
          <reporter-output>
          </reporter-output>
        </test-method> <!-- LoginUserTest -->
        <test-method signature="LogoutuserTest()[pri:5, instance:Petstore.api.Tests.UserTests@3c7f66c4]" started-at="2022-10-16T12:06:24 IST" name="LogoutuserTest" finished-at="2022-10-16T12:06:25 IST" duration-ms="1342" status="PASS">
          <reporter-output>
          </reporter-output>
        </test-method> <!-- LogoutuserTest -->
        <test-method signature="DeleteuserTest()[pri:6, instance:Petstore.api.Tests.UserTests@3c7f66c4]" started-at="2022-10-16T12:06:25 IST" name="DeleteuserTest" finished-at="2022-10-16T12:06:26 IST" duration-ms="1380" status="PASS">
          <reporter-output>
          </reporter-output>
        </test-method> <!-- DeleteuserTest -->
      </class> <!-- Petstore.api.Tests.UserTests -->
    </test> <!-- Test -->
  </suite> <!-- Suite -->
</testng-results>
