<?xml version="1.0" encoding="UTF-8"?>
<testng-results ignored="0" total="4" passed="4" failed="0" skipped="0">
  <reporter-output>
  </reporter-output>
  <suite started-at="2022-10-15T18:19:43 IST" name="Suite" finished-at="2022-10-15T18:19:52 IST" duration-ms="9514">
    <groups>
    </groups>
    <test started-at="2022-10-15T18:19:43 IST" name="Test" finished-at="2022-10-15T18:19:52 IST" duration-ms="9514">
      <class name="Petstore.api.Tests.UserTests">
        <test-method is-config="true" signature="testsetup()[pri:0, instance:Petstore.api.Tests.UserTests@7ed7259e]" started-at="2022-10-15T18:19:43 IST" name="testsetup" finished-at="2022-10-15T18:19:43 IST" duration-ms="180" status="PASS">
          <reporter-output>
          </reporter-output>
        </test-method> <!-- testsetup -->
        <test-method signature="CreateuserTest()[pri:1, instance:Petstore.api.Tests.UserTests@7ed7259e]" started-at="2022-10-15T18:19:43 IST" name="CreateuserTest" finished-at="2022-10-15T18:19:47 IST" duration-ms="3558" status="PASS">
          <reporter-output>
          </reporter-output>
        </test-method> <!-- CreateuserTest -->
        <test-method signature="GetuserTest()[pri:2, instance:Petstore.api.Tests.UserTests@7ed7259e]" started-at="2022-10-15T18:19:47 IST" name="GetuserTest" finished-at="2022-10-15T18:19:48 IST" duration-ms="1327" status="PASS">
          <reporter-output>
          </reporter-output>
        </test-method> <!-- GetuserTest -->
        <test-method signature="UpdateuserTest()[pri:3, instance:Petstore.api.Tests.UserTests@7ed7259e]" started-at="2022-10-15T18:19:48 IST" name="UpdateuserTest" finished-at="2022-10-15T18:19:51 IST" duration-ms="2843" status="PASS">
          <reporter-output>
          </reporter-output>
        </test-method> <!-- UpdateuserTest -->
        <test-method signature="DeleteuserTest()[pri:0, instance:Petstore.api.Tests.UserTests@7ed7259e]" started-at="2022-10-15T18:19:51 IST" name="DeleteuserTest" finished-at="2022-10-15T18:19:52 IST" depends-on-methods="Petstore.api.Tests.UserTests.UpdateuserTest" duration-ms="1389" status="PASS">
          <reporter-output>
          </reporter-output>
        </test-method> <!-- DeleteuserTest -->
      </class> <!-- Petstore.api.Tests.UserTests -->
    </test> <!-- Test -->
  </suite> <!-- Suite -->
</testng-results>
