<?xml version="1.0" encoding="UTF-8"?>
<testng-results ignored="0" total="6" passed="6" failed="0" skipped="0">
  <reporter-output>
  </reporter-output>
  <suite started-at="2022-10-16T12:04:55 IST" name="Default suite" finished-at="2022-10-16T12:05:06 IST" duration-ms="11317">
    <groups>
    </groups>
    <test started-at="2022-10-16T12:04:55 IST" name="Default test" finished-at="2022-10-16T12:05:06 IST" duration-ms="11317">
      <class name="Petstore.api.Tests.UserTests">
        <test-method is-config="true" signature="testsetup()[pri:0, instance:Petstore.api.Tests.UserTests@27462a88]" started-at="2022-10-16T12:04:55 IST" name="testsetup" finished-at="2022-10-16T12:04:55 IST" duration-ms="182" status="PASS">
          <reporter-output>
          </reporter-output>
        </test-method> <!-- testsetup -->
        <test-method signature="CreateuserTest()[pri:1, instance:Petstore.api.Tests.UserTests@27462a88]" started-at="2022-10-16T12:04:55 IST" name="CreateuserTest" finished-at="2022-10-16T12:04:58 IST" duration-ms="2825" status="PASS">
          <reporter-output>
          </reporter-output>
        </test-method> <!-- CreateuserTest -->
        <test-method signature="GetuserTest()[pri:2, instance:Petstore.api.Tests.UserTests@27462a88]" started-at="2022-10-16T12:04:58 IST" name="GetuserTest" finished-at="2022-10-16T12:04:59 IST" duration-ms="1531" status="PASS">
          <reporter-output>
          </reporter-output>
        </test-method> <!-- GetuserTest -->
        <test-method signature="UpdateuserTest()[pri:3, instance:Petstore.api.Tests.UserTests@27462a88]" started-at="2022-10-16T12:04:59 IST" name="UpdateuserTest" finished-at="2022-10-16T12:05:02 IST" duration-ms="2635" status="PASS">
          <reporter-output>
          </reporter-output>
        </test-method> <!-- UpdateuserTest -->
        <test-method signature="LoginUserTest()[pri:4, instance:Petstore.api.Tests.UserTests@27462a88]" started-at="2022-10-16T12:05:02 IST" name="LoginUserTest" finished-at="2022-10-16T12:05:03 IST" duration-ms="1365" status="PASS">
          <reporter-output>
          </reporter-output>
        </test-method> <!-- LoginUserTest -->
        <test-method signature="LogoutuserTest()[pri:5, instance:Petstore.api.Tests.UserTests@27462a88]" started-at="2022-10-16T12:05:03 IST" name="LogoutuserTest" finished-at="2022-10-16T12:05:04 IST" duration-ms="1318" status="PASS">
          <reporter-output>
          </reporter-output>
        </test-method> <!-- LogoutuserTest -->
        <test-method signature="DeleteuserTest()[pri:6, instance:Petstore.api.Tests.UserTests@27462a88]" started-at="2022-10-16T12:05:04 IST" name="DeleteuserTest" finished-at="2022-10-16T12:05:06 IST" duration-ms="1416" status="PASS">
          <reporter-output>
          </reporter-output>
        </test-method> <!-- DeleteuserTest -->
      </class> <!-- Petstore.api.Tests.UserTests -->
    </test> <!-- Default test -->
  </suite> <!-- Default suite -->
</testng-results>
